<?xml version="1.0" encoding="UTF-8"?>
<!-- Generated by org.testng.reporters.JUnitReportReporter -->
<testsuite skipped="0" hostname="LAPTOP-H2K3R1GC" name="guru99.test.AppTest" tests="1" failures="0" timestamp="14 Sep 2017 02:08:34 GMT" time="21.929" errors="0">
  <testcase name="testing" time="21.929" classname="guru99.test.AppTest"/>
</testsuite> <!-- guru99.test.AppTest -->
